[INFO] Scanning for projects...
[INFO] 
[INFO] --------------------< com.e-commerce:glasses-store >--------------------
[INFO] Building glasses-store 0.0.1-SNAPSHOT
[INFO]   from pom.xml
[INFO] --------------------------------[ jar ]---------------------------------
[INFO] 
[INFO] >>> spring-boot:4.0.2:run (default-cli) > test-compile @ glasses-store >>>
[INFO] 
[INFO] --- resources:3.3.1:resources (default-resources) @ glasses-store ---
[INFO] Copying 1 resource from src\main\resources to target\classes
[INFO] Copying 10 resources from src\main\resources to target\classes
[INFO] 
[INFO] --- compiler:3.14.1:compile (default-compile) @ glasses-store ---
[INFO] Nothing to compile - all classes are up to date.
[INFO] 
[INFO] --- resources:3.3.1:testResources (default-testResources) @ glasses-store ---
[INFO] skip non existing resourceDirectory D:\tailieuhoctap\Nam4Ky2\Develop_an_e-commerce_system\e-commerce\glasses-store\src\test\resources
[INFO] 
[INFO] --- compiler:3.14.1:testCompile (default-testCompile) @ glasses-store ---
[INFO] Nothing to compile - all classes are up to date.
[INFO] 
[INFO] <<< spring-boot:4.0.2:run (default-cli) < test-compile @ glasses-store <<<
[INFO] 
[INFO] 
[INFO] --- spring-boot:4.0.2:run (default-cli) @ glasses-store ---
[INFO] Attaching agents: []

  .   ____          _            __ _ _
 /\\ / ___'_ __ _ _(_)_ __  __ _ \ \ \ \
( ( )\___ | '_ | '_| | '_ \/ _` | \ \ \ \
 \\/  ___)| |_)| | | | | || (_| |  ) ) ) )
  '  |____| .__|_| |_|_| |_\__, | / / / /
 =========|_|==============|___/=/_/_/_/

 :: Spring Boot ::                (v4.0.2)

2026-03-12T08:33:41.451+07:00  INFO 24304 --- [glasses-store] [           main] c.e.g.GlassesStoreApplication            : Starting GlassesStoreApplication using Java 22.0.1 with PID 24304 (D:\tailieuhoctap\Nam4Ky2\Develop_an_e-commerce_system\e-commerce\glasses-store\target\classes started by AD in D:\tailieuhoctap\Nam4Ky2\Develop_an_e-commerce_system\e-commerce\glasses-store)
2026-03-12T08:33:41.453+07:00 DEBUG 24304 --- [glasses-store] [           main] c.e.g.GlassesStoreApplication            : Running with Spring Boot v4.0.2, Spring v7.0.3
2026-03-12T08:33:41.453+07:00  INFO 24304 --- [glasses-store] [           main] c.e.g.GlassesStoreApplication            : No active profile set, falling back to 1 default profile: "default"
2026-03-12T08:33:41.529+07:00  INFO 24304 --- [glasses-store] [           main] .s.b.d.c.l.DockerComposeLifecycleManager : Using Docker Compose file D:\tailieuhoctap\Nam4Ky2\Develop_an_e-commerce_system\e-commerce\glasses-store\compose.yaml
2026-03-12T08:33:42.591+07:00  INFO 24304 --- [glasses-store] [           main] .s.b.d.c.l.DockerComposeLifecycleManager : There are already Docker Compose services running, skipping startup
2026-03-12T08:33:44.297+07:00  INFO 24304 --- [glasses-store] [           main] .s.d.r.c.RepositoryConfigurationDelegate : Multiple Spring Data modules found, entering strict repository configuration mode
2026-03-12T08:33:44.298+07:00  INFO 24304 --- [glasses-store] [           main] .s.d.r.c.RepositoryConfigurationDelegate : Bootstrapping Spring Data JPA repositories in DEFAULT mode.
2026-03-12T08:33:44.608+07:00  INFO 24304 --- [glasses-store] [           main] .s.d.r.c.RepositoryConfigurationDelegate : Finished Spring Data repository scanning in 291 ms. Found 15 JPA repository interfaces.
2026-03-12T08:33:44.664+07:00  INFO 24304 --- [glasses-store] [           main] .s.d.r.c.RepositoryConfigurationDelegate : Multiple Spring Data modules found, entering strict repository configuration mode
2026-03-12T08:33:44.664+07:00  INFO 24304 --- [glasses-store] [           main] .s.d.r.c.RepositoryConfigurationDelegate : Bootstrapping Spring Data Redis repositories in DEFAULT mode.
2026-03-12T08:33:44.723+07:00  INFO 24304 --- [glasses-store] [           main] .RepositoryConfigurationExtensionSupport : Spring Data Redis - Could not safely identify store assignment for repository candidate interface com.e_commerce.glasses_store.modules.auth.repository.RefreshTokenRepository; If you want this repository to be a Redis repository, consider annotating your entities with one of these annotations: org.springframework.data.redis.core.RedisHash (preferred), or consider extending one of the following types with your repository: org.springframework.data.keyvalue.repository.KeyValueRepository
2026-03-12T08:33:44.723+07:00  INFO 24304 --- [glasses-store] [           main] .RepositoryConfigurationExtensionSupport : Spring Data Redis - Could not safely identify store assignment for repository candidate interface com.e_commerce.glasses_store.modules.auth.repository.UserRepository; If you want this repository to be a Redis repository, consider annotating your entities with one of these annotations: org.springframework.data.redis.core.RedisHash (preferred), or consider extending one of the following types with your repository: org.springframework.data.keyvalue.repository.KeyValueRepository
2026-03-12T08:33:44.723+07:00  INFO 24304 --- [glasses-store] [           main] .RepositoryConfigurationExtensionSupport : Spring Data Redis - Could not safely identify store assignment for repository candidate interface com.e_commerce.glasses_store.modules.auth.repository.VerificationTokenRepository; If you want this repository to be a Redis repository, consider annotating your entities with one of these annotations: org.springframework.data.redis.core.RedisHash (preferred), or consider extending one of the following types with your repository: org.springframework.data.keyvalue.repository.KeyValueRepository
2026-03-12T08:33:44.723+07:00  INFO 24304 --- [glasses-store] [           main] .RepositoryConfigurationExtensionSupport : Spring Data Redis - Could not safely identify store assignment for repository candidate interface com.e_commerce.glasses_store.modules.cart.repository.CartItemRepository; If you want this repository to be a Redis repository, consider annotating your entities with one of these annotations: org.springframework.data.redis.core.RedisHash (preferred), or consider extending one of the following types with your repository: org.springframework.data.keyvalue.repository.KeyValueRepository
2026-03-12T08:33:44.723+07:00  INFO 24304 --- [glasses-store] [           main] .RepositoryConfigurationExtensionSupport : Spring Data Redis - Could not safely identify store assignment for repository candidate interface com.e_commerce.glasses_store.modules.cart.repository.CartRepository; If you want this repository to be a Redis repository, consider annotating your entities with one of these annotations: org.springframework.data.redis.core.RedisHash (preferred), or consider extending one of the following types with your repository: org.springframework.data.keyvalue.repository.KeyValueRepository
2026-03-12T08:33:44.723+07:00  INFO 24304 --- [glasses-store] [           main] .RepositoryConfigurationExtensionSupport : Spring Data Redis - Could not safely identify store assignment for repository candidate interface com.e_commerce.glasses_store.modules.cart.repository.VoucherRepository; If you want this repository to be a Redis repository, consider annotating your entities with one of these annotations: org.springframework.data.redis.core.RedisHash (preferred), or consider extending one of the following types with your repository: org.springframework.data.keyvalue.repository.KeyValueRepository
2026-03-12T08:33:44.723+07:00  INFO 24304 --- [glasses-store] [           main] .RepositoryConfigurationExtensionSupport : Spring Data Redis - Could not safely identify store assignment for repository candidate interface com.e_commerce.glasses_store.modules.order.repository.OrderItemRepository; If you want this repository to be a Redis repository, consider annotating your entities with one of these annotations: org.springframework.data.redis.core.RedisHash (preferred), or consider extending one of the following types with your repository: org.springframework.data.keyvalue.repository.KeyValueRepository
2026-03-12T08:33:44.725+07:00  INFO 24304 --- [glasses-store] [           main] .RepositoryConfigurationExtensionSupport : Spring Data Redis - Could not safely identify store assignment for repository candidate interface com.e_commerce.glasses_store.modules.order.repository.OrderRepository; If you want this repository to be a Redis repository, consider annotating your entities with one of these annotations: org.springframework.data.redis.core.RedisHash (preferred), or consider extending one of the following types with your repository: org.springframework.data.keyvalue.repository.KeyValueRepository
2026-03-12T08:33:44.725+07:00  INFO 24304 --- [glasses-store] [           main] .RepositoryConfigurationExtensionSupport : Spring Data Redis - Could not safely identify store assignment for repository candidate interface com.e_commerce.glasses_store.modules.order.repository.OrderStatusHistoryRepository; If you want this repository to be a Redis repository, consider annotating your entities with one of these annotations: org.springframework.data.redis.core.RedisHash (preferred), or consider extending one of the following types with your repository: org.springframework.data.keyvalue.repository.KeyValueRepository
2026-03-12T08:33:44.725+07:00  INFO 24304 --- [glasses-store] [           main] .RepositoryConfigurationExtensionSupport : Spring Data Redis - Could not safely identify store assignment for repository candidate interface com.e_commerce.glasses_store.modules.product.repository.BrandRepository; If you want this repository to be a Redis repository, consider annotating your entities with one of these annotations: org.springframework.data.redis.core.RedisHash (preferred), or consider extending one of the following types with your repository: org.springframework.data.keyvalue.repository.KeyValueRepository
2026-03-12T08:33:44.725+07:00  INFO 24304 --- [glasses-store] [           main] .RepositoryConfigurationExtensionSupport : Spring Data Redis - Could not safely identify store assignment for repository candidate interface com.e_commerce.glasses_store.modules.product.repository.CategoryRepository; If you want this repository to be a Redis repository, consider annotating your entities with one of these annotations: org.springframework.data.redis.core.RedisHash (preferred), or consider extending one of the following types with your repository: org.springframework.data.keyvalue.repository.KeyValueRepository
2026-03-12T08:33:44.726+07:00  INFO 24304 --- [glasses-store] [           main] .RepositoryConfigurationExtensionSupport : Spring Data Redis - Could not safely identify store assignment for repository candidate interface com.e_commerce.glasses_store.modules.product.repository.InventoryStockRepository; If you want this repository to be a Redis repository, consider annotating your entities with one of these annotations: org.springframework.data.redis.core.RedisHash (preferred), or consider extending one of the following types with your repository: org.springframework.data.keyvalue.repository.KeyValueRepository
2026-03-12T08:33:44.726+07:00  INFO 24304 --- [glasses-store] [           main] .RepositoryConfigurationExtensionSupport : Spring Data Redis - Could not safely identify store assignment for repository candidate interface com.e_commerce.glasses_store.modules.product.repository.ProductRepository; If you want this repository to be a Redis repository, consider annotating your entities with one of these annotations: org.springframework.data.redis.core.RedisHash (preferred), or consider extending one of the following types with your repository: org.springframework.data.keyvalue.repository.KeyValueRepository
2026-03-12T08:33:44.726+07:00  INFO 24304 --- [glasses-store] [           main] .RepositoryConfigurationExtensionSupport : Spring Data Redis - Could not safely identify store assignment for repository candidate interface com.e_commerce.glasses_store.modules.product.repository.ProductVariantRepository; If you want this repository to be a Redis repository, consider annotating your entities with one of these annotations: org.springframework.data.redis.core.RedisHash (preferred), or consider extending one of the following types with your repository: org.springframework.data.keyvalue.repository.KeyValueRepository
2026-03-12T08:33:44.726+07:00  INFO 24304 --- [glasses-store] [           main] .RepositoryConfigurationExtensionSupport : Spring Data Redis - Could not safely identify store assignment for repository candidate interface com.e_commerce.glasses_store.modules.review.repository.ReviewRepository; If you want this repository to be a Redis repository, consider annotating your entities with one of these annotations: org.springframework.data.redis.core.RedisHash (preferred), or consider extending one of the following types with your repository: org.springframework.data.keyvalue.repository.KeyValueRepository
2026-03-12T08:33:44.726+07:00  INFO 24304 --- [glasses-store] [           main] .s.d.r.c.RepositoryConfigurationDelegate : Finished Spring Data repository scanning in 49 ms. Found 0 Redis repository interfaces.
2026-03-12T08:33:45.316+07:00  INFO 24304 --- [glasses-store] [cTaskExecutor-1] com.tngtech.archunit.core.PluginLoader   : Detected Java version 22.0.1
2026-03-12T08:33:48.306+07:00  INFO 24304 --- [glasses-store] [           main] o.s.boot.tomcat.TomcatWebServer          : Tomcat initialized with port 8080 (http)
2026-03-12T08:33:48.327+07:00  INFO 24304 --- [glasses-store] [           main] o.apache.catalina.core.StandardService   : Starting service [Tomcat]
2026-03-12T08:33:48.327+07:00  INFO 24304 --- [glasses-store] [           main] o.apache.catalina.core.StandardEngine    : Starting Servlet engine: [Apache Tomcat/11.0.15]
2026-03-12T08:33:48.436+07:00  INFO 24304 --- [glasses-store] [           main] b.w.c.s.WebApplicationContextInitializer : Root WebApplicationContext: initialization completed in 5591 ms
2026-03-12T08:33:49.602+07:00  INFO 24304 --- [glasses-store] [           main] o.f.c.i.resource.ResourceNameValidator   : 1 SQL migrations were detected but not run because they did not follow the filename convention.
2026-03-12T08:33:49.602+07:00  INFO 24304 --- [glasses-store] [           main] o.f.c.i.resource.ResourceNameValidator   : Set 'validateMigrationNaming' to true to fail fast and see a list of the invalid file names.
2026-03-12T08:33:49.653+07:00  INFO 24304 --- [glasses-store] [           main] org.flywaydb.core.FlywayExecutor         : Database: jdbc:mysql://127.0.0.1:3307/glasses_store (MySQL 8.4)
2026-03-12T08:33:49.688+07:00  WARN 24304 --- [glasses-store] [           main] o.f.c.internal.database.base.Database    : Using MySQL 8.4 which is newer than the version Flyway has been verified with. The latest verified version of MySQL is 8.1.
2026-03-12T08:33:49.778+07:00  INFO 24304 --- [glasses-store] [           main] o.f.core.internal.command.DbValidate     : Successfully validated 8 migrations (execution time 00:00.068s)
2026-03-12T08:33:49.823+07:00  INFO 24304 --- [glasses-store] [           main] o.f.core.internal.command.DbMigrate      : Current version of schema `glasses_store`: 8
2026-03-12T08:33:49.830+07:00  INFO 24304 --- [glasses-store] [           main] o.f.core.internal.command.DbMigrate      : Schema `glasses_store` is up to date. No migration necessary.
2026-03-12T08:33:50.034+07:00  INFO 24304 --- [glasses-store] [           main] org.hibernate.orm.jpa                    : HHH008540: Processing PersistenceUnitInfo [name: default]
2026-03-12T08:33:50.148+07:00  INFO 24304 --- [glasses-store] [           main] org.hibernate.orm.core                   : HHH000001: Hibernate ORM core version 7.2.1.Final
2026-03-12T08:33:50.779+07:00  INFO 24304 --- [glasses-store] [           main] o.s.o.j.p.SpringPersistenceUnitInfo      : No LoadTimeWeaver setup: ignoring JPA class transformer
2026-03-12T08:33:50.825+07:00  INFO 24304 --- [glasses-store] [           main] com.zaxxer.hikari.HikariDataSource       : HikariPool-1 - Starting...
2026-03-12T08:33:50.868+07:00  INFO 24304 --- [glasses-store] [           main] com.zaxxer.hikari.pool.HikariPool        : HikariPool-1 - Added connection com.mysql.cj.jdbc.ConnectionImpl@5ab70df7
2026-03-12T08:33:50.871+07:00  INFO 24304 --- [glasses-store] [           main] com.zaxxer.hikari.HikariDataSource       : HikariPool-1 - Start completed.
2026-03-12T08:33:50.949+07:00  WARN 24304 --- [glasses-store] [           main] org.hibernate.orm.deprecation            : HHH90000025: MySQLDialect does not need to be specified explicitly using 'hibernate.dialect' (remove the property setting and it will be selected by default)
2026-03-12T08:33:50.986+07:00  INFO 24304 --- [glasses-store] [           main] org.hibernate.orm.connections.pooling    : HHH10001005: Database info:
	Database JDBC URL [jdbc:mysql://127.0.0.1:3307/glasses_store]
	Database driver: MySQL Connector/J
	Database dialect: MySQLDialect
	Database version: 8.4.8
	Default catalog/schema: glasses_store/undefined
	Autocommit mode: undefined/unknown
	Isolation level: REPEATABLE_READ [default REPEATABLE_READ]
	JDBC fetch size: none
	Pool: DataSourceConnectionProvider
	Minimum pool size: undefined/unknown
	Maximum pool size: undefined/unknown
2026-03-12T08:33:52.750+07:00  INFO 24304 --- [glasses-store] [           main] org.hibernate.orm.core                   : HHH000489: No JTA platform available (set 'hibernate.transaction.jta.platform' to enable JTA platform integration)
2026-03-12T08:33:52.760+07:00  INFO 24304 --- [glasses-store] [           main] j.LocalContainerEntityManagerFactoryBean : Initialized JPA EntityManagerFactory for persistence unit 'default'
2026-03-12T08:33:52.948+07:00  INFO 24304 --- [glasses-store] [           main] o.s.d.j.r.query.QueryEnhancerFactories   : Hibernate is in classpath; If applicable, HQL parser will be used.
2026-03-12T08:33:54.144+07:00  WARN 24304 --- [glasses-store] [           main] ConfigServletWebServerApplicationContext : Exception encountered during context initialization - cancelling refresh attempt: org.springframework.beans.factory.UnsatisfiedDependencyException: Error creating bean with name 'adminController' defined in file [D:\tailieuhoctap\Nam4Ky2\Develop_an_e-commerce_system\e-commerce\glasses-store\target\classes\com\e_commerce\glasses_store\modules\admin\controller\AdminController.class]: Unsatisfied dependency expressed through constructor parameter 1: No qualifying bean of type 'com.e_commerce.glasses_store.modules.order.service.OrderService' available: expected at least 1 bean which qualifies as autowire candidate. Dependency annotations: {}
2026-03-12T08:33:54.144+07:00  INFO 24304 --- [glasses-store] [           main] j.LocalContainerEntityManagerFactoryBean : Closing JPA EntityManagerFactory for persistence unit 'default'
2026-03-12T08:33:54.148+07:00  INFO 24304 --- [glasses-store] [           main] com.zaxxer.hikari.HikariDataSource       : HikariPool-1 - Shutdown initiated...
2026-03-12T08:33:54.161+07:00  INFO 24304 --- [glasses-store] [           main] com.zaxxer.hikari.HikariDataSource       : HikariPool-1 - Shutdown completed.
2026-03-12T08:33:54.164+07:00  INFO 24304 --- [glasses-store] [           main] o.apache.catalina.core.StandardService   : Stopping service [Tomcat]
2026-03-12T08:33:54.179+07:00  INFO 24304 --- [glasses-store] [           main] .s.b.a.l.ConditionEvaluationReportLogger : 

Error starting ApplicationContext. To display the condition evaluation report re-run your application with 'debug' enabled.
2026-03-12T08:33:54.210+07:00 ERROR 24304 --- [glasses-store] [           main] o.s.b.d.LoggingFailureAnalysisReporter   : 

***************************
APPLICATION FAILED TO START
***************************

Description:

Parameter 1 of constructor in com.e_commerce.glasses_store.modules.admin.controller.AdminController required a bean of type 'com.e_commerce.glasses_store.modules.order.service.OrderService' that could not be found.


Action:

Consider defining a bean of type 'com.e_commerce.glasses_store.modules.order.service.OrderService' in your configuration.

[INFO] ------------------------------------------------------------------------
[INFO] BUILD FAILURE
[INFO] ------------------------------------------------------------------------
[INFO] Total time:  17.263 s
[INFO] Finished at: 2026-03-12T08:33:54+07:00
[INFO] ------------------------------------------------------------------------
[ERROR] Failed to execute goal org.springframework.boot:spring-boot-maven-plugin:4.0.2:run (default-cli) on project glasses-store: Process terminated with exit code: 1 -> [Help 1]
[ERROR] 
[ERROR] To see the full stack trace of the errors, re-run Maven with the -e switch.
[ERROR] Re-run Maven using the -X switch to enable full debug logging.
[ERROR] 
[ERROR] For more information about the errors and possible solutions, please read the following articles:
[ERROR] [Help 1] http://cwiki.apache.org/confluence/display/MAVEN/MojoExecutionException
