[INFO] Scanning for projects...
[ERROR] [ERROR] Some problems were encountered while processing the POMs:
[ERROR] 'dependencies.dependency.version' for org.springframework.boot:spring-boot-starter-flyway:jar is missing. @ line 46, column 15
[ERROR] 'dependencies.dependency.version' for org.springframework.boot:spring-boot-starter-security-oauth2-resource-server:jar is missing. @ line 54, column 15
[ERROR] 'dependencies.dependency.version' for org.springframework.boot:spring-boot-starter-webmvc:jar is missing. @ line 68, column 15
[ERROR] 'dependencies.dependency.version' for org.springframework.boot:spring-boot-starter-actuator-test:jar is missing. @ line 134, column 15
[ERROR] 'dependencies.dependency.version' for org.springframework.boot:spring-boot-starter-data-jpa-test:jar is missing. @ line 139, column 15
[ERROR] 'dependencies.dependency.version' for org.springframework.boot:spring-boot-starter-data-redis-test:jar is missing. @ line 144, column 15
[ERROR] 'dependencies.dependency.version' for org.springframework.boot:spring-boot-starter-flyway-test:jar is missing. @ line 149, column 15
[ERROR] 'dependencies.dependency.version' for org.springframework.boot:spring-boot-starter-security-oauth2-resource-server-test:jar is missing. @ line 154, column 15
[ERROR] 'dependencies.dependency.version' for org.springframework.boot:spring-boot-starter-security-test:jar is missing. @ line 159, column 15
[ERROR] 'dependencies.dependency.version' for org.springframework.boot:spring-boot-starter-validation-test:jar is missing. @ line 164, column 15
[ERROR] 'dependencies.dependency.version' for org.springframework.boot:spring-boot-starter-webmvc-test:jar is missing. @ line 169, column 15
[ERROR] 'dependencies.dependency.version' for org.testcontainers:testcontainers-junit-jupiter:jar is missing. @ line 184, column 15
[ERROR] 'dependencies.dependency.version' for org.testcontainers:testcontainers-mysql:jar is missing. @ line 189, column 15
 @ 
[ERROR] The build could not read 1 project -> [Help 1]
[ERROR]   
[ERROR]   The project com.e-commerce:glasses-store:0.0.1-SNAPSHOT (C:\Users\QAC\OneDrive - ptit.edu.vn\Desktop\EyseGlass\E-commerce-platform-for-Eyewear-retail\glasses-store\pom.xml) has 13 errors
[ERROR]     'dependencies.dependency.version' for org.springframework.boot:spring-boot-starter-flyway:jar is missing. @ line 46, column 15
[ERROR]     'dependencies.dependency.version' for org.springframework.boot:spring-boot-starter-security-oauth2-resource-server:jar is missing. @ line 54, column 15
[ERROR]     'dependencies.dependency.version' for org.springframework.boot:spring-boot-starter-webmvc:jar is missing. @ line 68, column 15
[ERROR]     'dependencies.dependency.version' for org.springframework.boot:spring-boot-starter-actuator-test:jar is missing. @ line 134, column 15
[ERROR]     'dependencies.dependency.version' for org.springframework.boot:spring-boot-starter-data-jpa-test:jar is missing. @ line 139, column 15
[ERROR]     'dependencies.dependency.version' for org.springframework.boot:spring-boot-starter-data-redis-test:jar is missing. @ line 144, column 15
[ERROR]     'dependencies.dependency.version' for org.springframework.boot:spring-boot-starter-flyway-test:jar is missing. @ line 149, column 15
[ERROR]     'dependencies.dependency.version' for org.springframework.boot:spring-boot-starter-security-oauth2-resource-server-test:jar is missing. @ line 154, column 15
[ERROR]     'dependencies.dependency.version' for org.springframework.boot:spring-boot-starter-security-test:jar is missing. @ line 159, column 15
[ERROR]     'dependencies.dependency.version' for org.springframework.boot:spring-boot-starter-validation-test:jar is missing. @ line 164, column 15
[ERROR]     'dependencies.dependency.version' for org.springframework.boot:spring-boot-starter-webmvc-test:jar is missing. @ line 169, column 15
[ERROR]     'dependencies.dependency.version' for org.testcontainers:testcontainers-junit-jupiter:jar is missing. @ line 184, column 15
[ERROR]     'dependencies.dependency.version' for org.testcontainers:testcontainers-mysql:jar is missing. @ line 189, column 15
[ERROR] 
[ERROR] To see the full stack trace of the errors, re-run Maven with the -e switch.
[ERROR] Re-run Maven using the -X switch to enable full debug logging.
[ERROR] 
[ERROR] For more information about the errors and possible solutions, please read the following articles:
[ERROR] [Help 1] http://cwiki.apache.org/confluence/display/MAVEN/ProjectBuildingException
