
  .   ____          _            __ _ _
 /\\ / ___'_ __ _ _(_)_ __  __ _ \ \ \ \
( ( )\___ | '_ | '_| | '_ \/ _` | \ \ \ \
 \\/  ___)| |_)| | | | | || (_| |  ) ) ) )
  '  |____| .__|_| |_|_| |_\__, | / / / /
 =========|_|==============|___/=/_/_/_/

 :: Spring Boot ::                (v4.0.2)

2026-03-11T20:10:15.869+07:00  INFO 20540 --- [glasses-store] [           main] c.e.g.GlassesStoreApplication            : Starting GlassesStoreApplication v0.0.1-SNAPSHOT using Java 22.0.1 with PID 20540 (D:\tailieuhoctap\Nam4Ky2\Develop_an_e-commerce_system\e-commerce\glasses-store\target\glasses-store-0.0.1-SNAPSHOT.jar started by AD in D:\tailieuhoctap\Nam4Ky2\Develop_an_e-commerce_system\e-commerce\glasses-store)
2026-03-11T20:10:15.879+07:00 DEBUG 20540 --- [glasses-store] [           main] c.e.g.GlassesStoreApplication            : Running with Spring Boot v4.0.2, Spring v7.0.3
2026-03-11T20:10:15.883+07:00  INFO 20540 --- [glasses-store] [           main] c.e.g.GlassesStoreApplication            : No active profile set, falling back to 1 default profile: "default"
2026-03-11T20:10:20.891+07:00  INFO 20540 --- [glasses-store] [           main] .s.d.r.c.RepositoryConfigurationDelegate : Multiple Spring Data modules found, entering strict repository configuration mode
2026-03-11T20:10:20.895+07:00  INFO 20540 --- [glasses-store] [           main] .s.d.r.c.RepositoryConfigurationDelegate : Bootstrapping Spring Data JPA repositories in DEFAULT mode.
2026-03-11T20:10:21.302+07:00  INFO 20540 --- [glasses-store] [           main] .s.d.r.c.RepositoryConfigurationDelegate : Finished Spring Data repository scanning in 377 ms. Found 14 JPA repository interfaces.
2026-03-11T20:10:21.417+07:00  INFO 20540 --- [glasses-store] [           main] .s.d.r.c.RepositoryConfigurationDelegate : Multiple Spring Data modules found, entering strict repository configuration mode
2026-03-11T20:10:21.419+07:00  INFO 20540 --- [glasses-store] [           main] .s.d.r.c.RepositoryConfigurationDelegate : Bootstrapping Spring Data Redis repositories in DEFAULT mode.
2026-03-11T20:10:21.486+07:00  INFO 20540 --- [glasses-store] [           main] .RepositoryConfigurationExtensionSupport : Spring Data Redis - Could not safely identify store assignment for repository candidate interface com.e_commerce.glasses_store.modules.auth.repository.RefreshTokenRepository; If you want this repository to be a Redis repository, consider annotating your entities with one of these annotations: org.springframework.data.redis.core.RedisHash (preferred), or consider extending one of the following types with your repository: org.springframework.data.keyvalue.repository.KeyValueRepository
2026-03-11T20:10:21.488+07:00  INFO 20540 --- [glasses-store] [           main] .RepositoryConfigurationExtensionSupport : Spring Data Redis - Could not safely identify store assignment for repository candidate interface com.e_commerce.glasses_store.modules.auth.repository.UserRepository; If you want this repository to be a Redis repository, consider annotating your entities with one of these annotations: org.springframework.data.redis.core.RedisHash (preferred), or consider extending one of the following types with your repository: org.springframework.data.keyvalue.repository.KeyValueRepository
2026-03-11T20:10:21.489+07:00  INFO 20540 --- [glasses-store] [           main] .RepositoryConfigurationExtensionSupport : Spring Data Redis - Could not safely identify store assignment for repository candidate interface com.e_commerce.glasses_store.modules.auth.repository.VerificationTokenRepository; If you want this repository to be a Redis repository, consider annotating your entities with one of these annotations: org.springframework.data.redis.core.RedisHash (preferred), or consider extending one of the following types with your repository: org.springframework.data.keyvalue.repository.KeyValueRepository
2026-03-11T20:10:21.493+07:00  INFO 20540 --- [glasses-store] [           main] .RepositoryConfigurationExtensionSupport : Spring Data Redis - Could not safely identify store assignment for repository candidate interface com.e_commerce.glasses_store.modules.cart.repository.CartItemRepository; If you want this repository to be a Redis repository, consider annotating your entities with one of these annotations: org.springframework.data.redis.core.RedisHash (preferred), or consider extending one of the following types with your repository: org.springframework.data.keyvalue.repository.KeyValueRepository
2026-03-11T20:10:21.496+07:00  INFO 20540 --- [glasses-store] [           main] .RepositoryConfigurationExtensionSupport : Spring Data Redis - Could not safely identify store assignment for repository candidate interface com.e_commerce.glasses_store.modules.cart.repository.CartRepository; If you want this repository to be a Redis repository, consider annotating your entities with one of these annotations: org.springframework.data.redis.core.RedisHash (preferred), or consider extending one of the following types with your repository: org.springframework.data.keyvalue.repository.KeyValueRepository
2026-03-11T20:10:21.499+07:00  INFO 20540 --- [glasses-store] [           main] .RepositoryConfigurationExtensionSupport : Spring Data Redis - Could not safely identify store assignment for repository candidate interface com.e_commerce.glasses_store.modules.cart.repository.VoucherRepository; If you want this repository to be a Redis repository, consider annotating your entities with one of these annotations: org.springframework.data.redis.core.RedisHash (preferred), or consider extending one of the following types with your repository: org.springframework.data.keyvalue.repository.KeyValueRepository
2026-03-11T20:10:21.501+07:00  INFO 20540 --- [glasses-store] [           main] .RepositoryConfigurationExtensionSupport : Spring Data Redis - Could not safely identify store assignment for repository candidate interface com.e_commerce.glasses_store.modules.order.repository.OrderItemRepository; If you want this repository to be a Redis repository, consider annotating your entities with one of these annotations: org.springframework.data.redis.core.RedisHash (preferred), or consider extending one of the following types with your repository: org.springframework.data.keyvalue.repository.KeyValueRepository
2026-03-11T20:10:21.504+07:00  INFO 20540 --- [glasses-store] [           main] .RepositoryConfigurationExtensionSupport : Spring Data Redis - Could not safely identify store assignment for repository candidate interface com.e_commerce.glasses_store.modules.order.repository.OrderRepository; If you want this repository to be a Redis repository, consider annotating your entities with one of these annotations: org.springframework.data.redis.core.RedisHash (preferred), or consider extending one of the following types with your repository: org.springframework.data.keyvalue.repository.KeyValueRepository
2026-03-11T20:10:21.509+07:00  INFO 20540 --- [glasses-store] [           main] .RepositoryConfigurationExtensionSupport : Spring Data Redis - Could not safely identify store assignment for repository candidate interface com.e_commerce.glasses_store.modules.order.repository.OrderStatusHistoryRepository; If you want this repository to be a Redis repository, consider annotating your entities with one of these annotations: org.springframework.data.redis.core.RedisHash (preferred), or consider extending one of the following types with your repository: org.springframework.data.keyvalue.repository.KeyValueRepository
2026-03-11T20:10:21.514+07:00  INFO 20540 --- [glasses-store] [           main] .RepositoryConfigurationExtensionSupport : Spring Data Redis - Could not safely identify store assignment for repository candidate interface com.e_commerce.glasses_store.modules.product.repository.BrandRepository; If you want this repository to be a Redis repository, consider annotating your entities with one of these annotations: org.springframework.data.redis.core.RedisHash (preferred), or consider extending one of the following types with your repository: org.springframework.data.keyvalue.repository.KeyValueRepository
2026-03-11T20:10:21.520+07:00  INFO 20540 --- [glasses-store] [           main] .RepositoryConfigurationExtensionSupport : Spring Data Redis - Could not safely identify store assignment for repository candidate interface com.e_commerce.glasses_store.modules.product.repository.CategoryRepository; If you want this repository to be a Redis repository, consider annotating your entities with one of these annotations: org.springframework.data.redis.core.RedisHash (preferred), or consider extending one of the following types with your repository: org.springframework.data.keyvalue.repository.KeyValueRepository
2026-03-11T20:10:21.526+07:00  INFO 20540 --- [glasses-store] [           main] .RepositoryConfigurationExtensionSupport : Spring Data Redis - Could not safely identify store assignment for repository candidate interface com.e_commerce.glasses_store.modules.product.repository.InventoryStockRepository; If you want this repository to be a Redis repository, consider annotating your entities with one of these annotations: org.springframework.data.redis.core.RedisHash (preferred), or consider extending one of the following types with your repository: org.springframework.data.keyvalue.repository.KeyValueRepository
2026-03-11T20:10:21.529+07:00  INFO 20540 --- [glasses-store] [           main] .RepositoryConfigurationExtensionSupport : Spring Data Redis - Could not safely identify store assignment for repository candidate interface com.e_commerce.glasses_store.modules.product.repository.ProductRepository; If you want this repository to be a Redis repository, consider annotating your entities with one of these annotations: org.springframework.data.redis.core.RedisHash (preferred), or consider extending one of the following types with your repository: org.springframework.data.keyvalue.repository.KeyValueRepository
2026-03-11T20:10:21.532+07:00  INFO 20540 --- [glasses-store] [           main] .RepositoryConfigurationExtensionSupport : Spring Data Redis - Could not safely identify store assignment for repository candidate interface com.e_commerce.glasses_store.modules.product.repository.ProductVariantRepository; If you want this repository to be a Redis repository, consider annotating your entities with one of these annotations: org.springframework.data.redis.core.RedisHash (preferred), or consider extending one of the following types with your repository: org.springframework.data.keyvalue.repository.KeyValueRepository
2026-03-11T20:10:21.533+07:00  INFO 20540 --- [glasses-store] [           main] .s.d.r.c.RepositoryConfigurationDelegate : Finished Spring Data repository scanning in 83 ms. Found 0 Redis repository interfaces.
2026-03-11T20:10:23.281+07:00  INFO 20540 --- [glasses-store] [cTaskExecutor-1] com.tngtech.archunit.core.PluginLoader   : Detected Java version 22.0.1
2026-03-11T20:10:30.741+07:00  INFO 20540 --- [glasses-store] [           main] o.s.boot.tomcat.TomcatWebServer          : Tomcat initialized with port 8080 (http)
2026-03-11T20:10:30.785+07:00  INFO 20540 --- [glasses-store] [           main] o.apache.catalina.core.StandardService   : Starting service [Tomcat]
2026-03-11T20:10:30.787+07:00  INFO 20540 --- [glasses-store] [           main] o.apache.catalina.core.StandardEngine    : Starting Servlet engine: [Apache Tomcat/11.0.15]
2026-03-11T20:10:30.878+07:00  INFO 20540 --- [glasses-store] [           main] b.w.c.s.WebApplicationContextInitializer : Root WebApplicationContext: initialization completed in 14788 ms
2026-03-11T20:10:32.624+07:00  INFO 20540 --- [glasses-store] [           main] com.zaxxer.hikari.HikariDataSource       : HikariPool-1 - Starting...
2026-03-11T20:10:33.397+07:00  INFO 20540 --- [glasses-store] [           main] com.zaxxer.hikari.pool.HikariPool        : HikariPool-1 - Added connection com.mysql.cj.jdbc.ConnectionImpl@3f87780b
2026-03-11T20:10:33.401+07:00  INFO 20540 --- [glasses-store] [           main] com.zaxxer.hikari.HikariDataSource       : HikariPool-1 - Start completed.
2026-03-11T20:10:33.531+07:00  INFO 20540 --- [glasses-store] [           main] o.f.c.i.resource.ResourceNameValidator   : 1 SQL migrations were detected but not run because they did not follow the filename convention.
2026-03-11T20:10:33.532+07:00  INFO 20540 --- [glasses-store] [           main] o.f.c.i.resource.ResourceNameValidator   : Set 'validateMigrationNaming' to true to fail fast and see a list of the invalid file names.
2026-03-11T20:10:33.621+07:00  INFO 20540 --- [glasses-store] [           main] org.flywaydb.core.FlywayExecutor         : Database: jdbc:mysql://localhost:3307/glasses_store?createDatabaseIfNotExist=true&useSSL=false&allowPublicKeyRetrieval=true (MySQL 8.4)
2026-03-11T20:10:33.703+07:00  WARN 20540 --- [glasses-store] [           main] o.f.c.internal.database.base.Database    : Using MySQL 8.4 which is newer than the version Flyway has been verified with. The latest verified version of MySQL is 8.1.
2026-03-11T20:10:34.109+07:00  INFO 20540 --- [glasses-store] [           main] o.f.core.internal.command.DbValidate     : Successfully validated 8 migrations (execution time 00:00.308s)
2026-03-11T20:10:34.185+07:00  INFO 20540 --- [glasses-store] [           main] o.f.core.internal.command.DbMigrate      : Current version of schema `glasses_store`: 8
2026-03-11T20:10:34.200+07:00  INFO 20540 --- [glasses-store] [           main] o.f.core.internal.command.DbMigrate      : Schema `glasses_store` is up to date. No migration necessary.
2026-03-11T20:10:34.671+07:00  INFO 20540 --- [glasses-store] [           main] org.hibernate.orm.jpa                    : HHH008540: Processing PersistenceUnitInfo [name: default]
2026-03-11T20:10:34.825+07:00  INFO 20540 --- [glasses-store] [           main] org.hibernate.orm.core                   : HHH000001: Hibernate ORM core version 7.2.1.Final
2026-03-11T20:10:37.094+07:00  INFO 20540 --- [glasses-store] [           main] o.s.o.j.p.SpringPersistenceUnitInfo      : No LoadTimeWeaver setup: ignoring JPA class transformer
2026-03-11T20:10:37.652+07:00  WARN 20540 --- [glasses-store] [           main] org.hibernate.orm.deprecation            : HHH90000025: MySQLDialect does not need to be specified explicitly using 'hibernate.dialect' (remove the property setting and it will be selected by default)
2026-03-11T20:10:37.757+07:00  INFO 20540 --- [glasses-store] [           main] org.hibernate.orm.connections.pooling    : HHH10001005: Database info:
	Database JDBC URL [jdbc:mysql://localhost:3307/glasses_store?createDatabaseIfNotExist=true&useSSL=false&allowPublicKeyRetrieval=true]
	Database driver: MySQL Connector/J
	Database dialect: MySQLDialect
	Database version: 8.4.8
	Default catalog/schema: glasses_store/undefined
	Autocommit mode: undefined/unknown
	Isolation level: REPEATABLE_READ [default REPEATABLE_READ]
	JDBC fetch size: none
	Pool: DataSourceConnectionProvider
	Minimum pool size: undefined/unknown
	Maximum pool size: undefined/unknown
2026-03-11T20:10:42.120+07:00  INFO 20540 --- [glasses-store] [           main] org.hibernate.orm.core                   : HHH000489: No JTA platform available (set 'hibernate.transaction.jta.platform' to enable JTA platform integration)
2026-03-11T20:10:42.137+07:00  INFO 20540 --- [glasses-store] [           main] j.LocalContainerEntityManagerFactoryBean : Initialized JPA EntityManagerFactory for persistence unit 'default'
2026-03-11T20:10:42.638+07:00  INFO 20540 --- [glasses-store] [           main] o.s.d.j.r.query.QueryEnhancerFactories   : Hibernate is in classpath; If applicable, HQL parser will be used.
2026-03-11T20:10:45.157+07:00  WARN 20540 --- [glasses-store] [           main] ConfigServletWebServerApplicationContext : Exception encountered during context initialization - cancelling refresh attempt: org.springframework.beans.factory.UnsatisfiedDependencyException: Error creating bean with name 'adminController' defined in URL [jar:nested:/D:/tailieuhoctap/Nam4Ky2/Develop_an_e-commerce_system/e-commerce/glasses-store/target/glasses-store-0.0.1-SNAPSHOT.jar/!BOOT-INF/classes/!/com/e_commerce/glasses_store/modules/admin/controller/AdminController.class]: Unsatisfied dependency expressed through constructor parameter 1: Error creating bean with name 'orderServiceImpl' defined in URL [jar:nested:/D:/tailieuhoctap/Nam4Ky2/Develop_an_e-commerce_system/e-commerce/glasses-store/target/glasses-store-0.0.1-SNAPSHOT.jar/!BOOT-INF/classes/!/com/e_commerce/glasses_store/modules/order/service/impl/OrderServiceImpl.class]: Failed to instantiate [com.e_commerce.glasses_store.modules.order.service.impl.OrderServiceImpl]: Constructor threw exception
2026-03-11T20:10:45.158+07:00  INFO 20540 --- [glasses-store] [           main] j.LocalContainerEntityManagerFactoryBean : Closing JPA EntityManagerFactory for persistence unit 'default'
2026-03-11T20:10:45.168+07:00  INFO 20540 --- [glasses-store] [           main] com.zaxxer.hikari.HikariDataSource       : HikariPool-1 - Shutdown initiated...
2026-03-11T20:10:45.198+07:00  INFO 20540 --- [glasses-store] [           main] com.zaxxer.hikari.HikariDataSource       : HikariPool-1 - Shutdown completed.
2026-03-11T20:10:45.206+07:00  INFO 20540 --- [glasses-store] [           main] o.apache.catalina.core.StandardService   : Stopping service [Tomcat]
2026-03-11T20:10:45.247+07:00  INFO 20540 --- [glasses-store] [           main] .s.b.a.l.ConditionEvaluationReportLogger : 

Error starting ApplicationContext. To display the condition evaluation report re-run your application with 'debug' enabled.
2026-03-11T20:10:45.302+07:00 ERROR 20540 --- [glasses-store] [           main] o.s.boot.SpringApplication               : Application run failed

org.springframework.beans.factory.UnsatisfiedDependencyException: Error creating bean with name 'adminController' defined in URL [jar:nested:/D:/tailieuhoctap/Nam4Ky2/Develop_an_e-commerce_system/e-commerce/glasses-store/target/glasses-store-0.0.1-SNAPSHOT.jar/!BOOT-INF/classes/!/com/e_commerce/glasses_store/modules/admin/controller/AdminController.class]: Unsatisfied dependency expressed through constructor parameter 1: Error creating bean with name 'orderServiceImpl' defined in URL [jar:nested:/D:/tailieuhoctap/Nam4Ky2/Develop_an_e-commerce_system/e-commerce/glasses-store/target/glasses-store-0.0.1-SNAPSHOT.jar/!BOOT-INF/classes/!/com/e_commerce/glasses_store/modules/order/service/impl/OrderServiceImpl.class]: Failed to instantiate [com.e_commerce.glasses_store.modules.order.service.impl.OrderServiceImpl]: Constructor threw exception
	at org.springframework.beans.factory.support.ConstructorResolver.createArgumentArray(ConstructorResolver.java:804) ~[spring-beans-7.0.3.jar!/:7.0.3]
	at org.springframework.beans.factory.support.ConstructorResolver.autowireConstructor(ConstructorResolver.java:240) ~[spring-beans-7.0.3.jar!/:7.0.3]
	at org.springframework.beans.factory.support.AbstractAutowireCapableBeanFactory.autowireConstructor(AbstractAutowireCapableBeanFactory.java:1382) ~[spring-beans-7.0.3.jar!/:7.0.3]
	at org.springframework.beans.factory.support.AbstractAutowireCapableBeanFactory.createBeanInstance(AbstractAutowireCapableBeanFactory.java:1221) ~[spring-beans-7.0.3.jar!/:7.0.3]
	at org.springframework.beans.factory.support.AbstractAutowireCapableBeanFactory.doCreateBean(AbstractAutowireCapableBeanFactory.java:565) ~[spring-beans-7.0.3.jar!/:7.0.3]
	at org.springframework.beans.factory.support.AbstractAutowireCapableBeanFactory.createBean(AbstractAutowireCapableBeanFactory.java:525) ~[spring-beans-7.0.3.jar!/:7.0.3]
	at org.springframework.beans.factory.support.AbstractBeanFactory.lambda$doGetBean$0(AbstractBeanFactory.java:333) ~[spring-beans-7.0.3.jar!/:7.0.3]
	at org.springframework.beans.factory.support.DefaultSingletonBeanRegistry.getSingleton(DefaultSingletonBeanRegistry.java:371) ~[spring-beans-7.0.3.jar!/:7.0.3]
	at org.springframework.beans.factory.support.AbstractBeanFactory.doGetBean(AbstractBeanFactory.java:331) ~[spring-beans-7.0.3.jar!/:7.0.3]
	at org.springframework.beans.factory.support.AbstractBeanFactory.getBean(AbstractBeanFactory.java:196) ~[spring-beans-7.0.3.jar!/:7.0.3]
	at org.springframework.beans.factory.support.DefaultListableBeanFactory.instantiateSingleton(DefaultListableBeanFactory.java:1218) ~[spring-beans-7.0.3.jar!/:7.0.3]
	at org.springframework.beans.factory.support.DefaultListableBeanFactory.preInstantiateSingleton(DefaultListableBeanFactory.java:1184) ~[spring-beans-7.0.3.jar!/:7.0.3]
	at org.springframework.beans.factory.support.DefaultListableBeanFactory.preInstantiateSingletons(DefaultListableBeanFactory.java:1121) ~[spring-beans-7.0.3.jar!/:7.0.3]
	at org.springframework.context.support.AbstractApplicationContext.finishBeanFactoryInitialization(AbstractApplicationContext.java:993) ~[spring-context-7.0.3.jar!/:7.0.3]
	at org.springframework.context.support.AbstractApplicationContext.refresh(AbstractApplicationContext.java:620) ~[spring-context-7.0.3.jar!/:7.0.3]
	at org.springframework.boot.web.server.servlet.context.ServletWebServerApplicationContext.refresh(ServletWebServerApplicationContext.java:143) ~[spring-boot-web-server-4.0.2.jar!/:4.0.2]
	at org.springframework.boot.SpringApplication.refresh(SpringApplication.java:756) ~[spring-boot-4.0.2.jar!/:4.0.2]
	at org.springframework.boot.SpringApplication.refreshContext(SpringApplication.java:445) ~[spring-boot-4.0.2.jar!/:4.0.2]
	at org.springframework.boot.SpringApplication.run(SpringApplication.java:321) ~[spring-boot-4.0.2.jar!/:4.0.2]
	at org.springframework.boot.SpringApplication.run(SpringApplication.java:1365) ~[spring-boot-4.0.2.jar!/:4.0.2]
	at org.springframework.boot.SpringApplication.run(SpringApplication.java:1354) ~[spring-boot-4.0.2.jar!/:4.0.2]
	at com.e_commerce.glasses_store.GlassesStoreApplication.main(GlassesStoreApplication.java:12) ~[!/:0.0.1-SNAPSHOT]
	at java.base/jdk.internal.reflect.DirectMethodHandleAccessor.invoke(DirectMethodHandleAccessor.java:103) ~[na:na]
	at java.base/java.lang.reflect.Method.invoke(Method.java:580) ~[na:na]
	at org.springframework.boot.loader.launch.Launcher.launch(Launcher.java:106) ~[glasses-store-0.0.1-SNAPSHOT.jar:0.0.1-SNAPSHOT]
	at org.springframework.boot.loader.launch.Launcher.launch(Launcher.java:64) ~[glasses-store-0.0.1-SNAPSHOT.jar:0.0.1-SNAPSHOT]
	at org.springframework.boot.loader.launch.JarLauncher.main(JarLauncher.java:40) ~[glasses-store-0.0.1-SNAPSHOT.jar:0.0.1-SNAPSHOT]
Caused by: org.springframework.beans.factory.BeanCreationException: Error creating bean with name 'orderServiceImpl' defined in URL [jar:nested:/D:/tailieuhoctap/Nam4Ky2/Develop_an_e-commerce_system/e-commerce/glasses-store/target/glasses-store-0.0.1-SNAPSHOT.jar/!BOOT-INF/classes/!/com/e_commerce/glasses_store/modules/order/service/impl/OrderServiceImpl.class]: Failed to instantiate [com.e_commerce.glasses_store.modules.order.service.impl.OrderServiceImpl]: Constructor threw exception
	at org.springframework.beans.factory.support.ConstructorResolver.instantiate(ConstructorResolver.java:321) ~[spring-beans-7.0.3.jar!/:7.0.3]
	at org.springframework.beans.factory.support.ConstructorResolver.autowireConstructor(ConstructorResolver.java:309) ~[spring-beans-7.0.3.jar!/:7.0.3]
	at org.springframework.beans.factory.support.AbstractAutowireCapableBeanFactory.autowireConstructor(AbstractAutowireCapableBeanFactory.java:1382) ~[spring-beans-7.0.3.jar!/:7.0.3]
	at org.springframework.beans.factory.support.AbstractAutowireCapableBeanFactory.createBeanInstance(AbstractAutowireCapableBeanFactory.java:1221) ~[spring-beans-7.0.3.jar!/:7.0.3]
	at org.springframework.beans.factory.support.AbstractAutowireCapableBeanFactory.doCreateBean(AbstractAutowireCapableBeanFactory.java:565) ~[spring-beans-7.0.3.jar!/:7.0.3]
	at org.springframework.beans.factory.support.AbstractAutowireCapableBeanFactory.createBean(AbstractAutowireCapableBeanFactory.java:525) ~[spring-beans-7.0.3.jar!/:7.0.3]
	at org.springframework.beans.factory.support.AbstractBeanFactory.lambda$doGetBean$0(AbstractBeanFactory.java:333) ~[spring-beans-7.0.3.jar!/:7.0.3]
	at org.springframework.beans.factory.support.DefaultSingletonBeanRegistry.getSingleton(DefaultSingletonBeanRegistry.java:371) ~[spring-beans-7.0.3.jar!/:7.0.3]
	at org.springframework.beans.factory.support.AbstractBeanFactory.doGetBean(AbstractBeanFactory.java:331) ~[spring-beans-7.0.3.jar!/:7.0.3]
	at org.springframework.beans.factory.support.AbstractBeanFactory.getBean(AbstractBeanFactory.java:201) ~[spring-beans-7.0.3.jar!/:7.0.3]
	at org.springframework.beans.factory.config.DependencyDescriptor.resolveCandidate(DependencyDescriptor.java:229) ~[spring-beans-7.0.3.jar!/:7.0.3]
	at org.springframework.beans.factory.support.DefaultListableBeanFactory.doResolveDependency(DefaultListableBeanFactory.java:1762) ~[spring-beans-7.0.3.jar!/:7.0.3]
	at org.springframework.beans.factory.support.DefaultListableBeanFactory.resolveDependency(DefaultListableBeanFactory.java:1651) ~[spring-beans-7.0.3.jar!/:7.0.3]
	at org.springframework.beans.factory.support.ConstructorResolver.resolveAutowiredArgument(ConstructorResolver.java:912) ~[spring-beans-7.0.3.jar!/:7.0.3]
	at org.springframework.beans.factory.support.ConstructorResolver.createArgumentArray(ConstructorResolver.java:791) ~[spring-beans-7.0.3.jar!/:7.0.3]
	... 26 common frames omitted
Caused by: org.springframework.beans.BeanInstantiationException: Failed to instantiate [com.e_commerce.glasses_store.modules.order.service.impl.OrderServiceImpl]: Constructor threw exception
	at org.springframework.beans.BeanUtils.instantiateClass(BeanUtils.java:220) ~[spring-beans-7.0.3.jar!/:7.0.3]
	at org.springframework.beans.factory.support.SimpleInstantiationStrategy.instantiate(SimpleInstantiationStrategy.java:129) ~[spring-beans-7.0.3.jar!/:7.0.3]
	at org.springframework.beans.factory.support.ConstructorResolver.instantiate(ConstructorResolver.java:318) ~[spring-beans-7.0.3.jar!/:7.0.3]
	... 40 common frames omitted
Caused by: java.lang.Error: Unresolved compilation problem: 
	The import com.e_commerce.glasses_store.modules.order.exception.OrderNotFoundException cannot be resolved

	at com.e_commerce.glasses_store.modules.order.service.impl.OrderServiceImpl.<init>(OrderServiceImpl.java:17) ~[!/:0.0.1-SNAPSHOT]
	at java.base/jdk.internal.reflect.DirectConstructorHandleAccessor.newInstance(DirectConstructorHandleAccessor.java:62) ~[na:na]
	at java.base/java.lang.reflect.Constructor.newInstanceWithCaller(Constructor.java:502) ~[na:na]
	at java.base/java.lang.reflect.Constructor.newInstance(Constructor.java:486) ~[na:na]
	at org.springframework.beans.BeanUtils.instantiateClass(BeanUtils.java:207) ~[spring-beans-7.0.3.jar!/:7.0.3]
	... 42 common frames omitted

