
  .   ____          _            __ _ _
 /\\ / ___'_ __ _ _(_)_ __  __ _ \ \ \ \
( ( )\___ | '_ | '_| | '_ \/ _` | \ \ \ \
 \\/  ___)| |_)| | | | | || (_| |  ) ) ) )
  '  |____| .__|_| |_|_| |_\__, | / / / /
 =========|_|==============|___/=/_/_/_/

 :: Spring Boot ::                (v4.0.2)

2026-03-11T20:10:15.869+07:00  INFO 20540 --- [glasses-store] [           main] c.e.g.GlassesStoreApplication            : Starting GlassesStoreApplication v0.0.1-SNAPSHOT using Java 22.0.1 with PID 20540 (D:\tailieuhoctap\Nam4Ky2\Develop_an_e-commerce_system\e-commerce\glasses-store\target\glasses-store-0.0.1-SNAPSHOT.jar started by AD in D:\tailieuhoctap\Nam4Ky2\Develop_an_e-commerce_system\e-commerce\glasses-store)
2026-03-11T20:10:15.879+07:00 DEBUG 20540 --- [glasses-store] [           main] c.e.g.GlassesStoreApplication            : Running with Spring Boot v4.0.2, Spring v7.0.3
2026-03-11T20:10:15.883+07:00  INFO 20540 --- [glasses-store] [           main] c.e.g.GlassesStoreApplication            : No active profile set, falling back to 1 default profile: "default"
2026-03-11T20:10:20.891+07:00  INFO 20540 --- [glasses-store] [           main] .s.d.r.c.RepositoryConfigurationDelegate : Multiple Spring Data modules found, entering strict repository configuration mode
2026-03-11T20:10:20.895+07:00  INFO 20540 --- [glasses-store] [           main] .s.d.r.c.RepositoryConfigurationDelegate : Bootstrapping Spring Data JPA repositories in DEFAULT mode.
2026-03-11T20:10:21.302+07:00  INFO 20540 --- [glasses-store] [           main] .s.d.r.c.RepositoryConfigurationDelegate : Finished Spring Data repository scanning in 377 ms. Found 14 JPA repository interfaces.
2026-03-11T20:10:21.417+07:00  INFO 20540 --- [glasses-store] [           main] .s.d.r.c.RepositoryConfigurationDelegate : Multiple Spring Data modules found, entering strict repository configuration mode
2026-03-11T20:10:21.419+07:00  INFO 20540 --- [glasses-store] [           main] .s.d.r.c.RepositoryConfigurationDelegate : Bootstrapping Spring Data Redis repositories in DEFAULT mode.
2026-03-11T20:10:21.486+07:00  INFO 20540 --- [glasses-store] [           main] .RepositoryConfigurationExtensionSupport : Spring Data Redis - Could not safely identify store assignment for repository candidate interface com.e_commerce.glasses_store.modules.auth.repository.RefreshTokenRepository; If you want this repository to be a Redis repository, consider annotating your entities with one of these annotations: org.springframework.data.redis.core.RedisHash (preferred), or consider extending one of the following types with your repository: org.springframework.data.keyvalue.repository.KeyValueRepository
2026-03-11T20:10:21.488+07:00  INFO 20540 --- [glasses-store] [           main] .RepositoryConfigurationExtensionSupport : Spring Data Redis - Could not safely identify store assignment for repository candidate interface com.e_commerce.glasses_store.modules.auth.repository.UserRepository; If you want this repository to be a Redis repository, consider annotating your entities with one of these annotations: org.springframework.data.redis.core.RedisHash (preferred), or consider extending one of the following types with your repository: org.springframework.data.keyvalue.repository.KeyValueRepository
2026-03-11T20:10:21.489+07:00  INFO 20540 --- [glasses-store] [           main] .RepositoryConfigurationExtensionSupport : Spring Data Redis - Could not safely identify store assignment for repository candidate interface com.e_commerce.glasses_store.modules.auth.repository.VerificationTokenRepository; If you want this repository to be a Redis repository, consider annotating your entities with one of these annotations: org.springframework.data.redis.core.RedisHash (preferred), or consider extending one of the following types with your repository: org.springframework.data.keyvalue.repository.KeyValueRepository
2026-03-11T20:10:21.493+07:00  INFO 20540 --- [glasses-store] [           main] .RepositoryConfigurationExtensionSupport : Spring Data Redis - Could not safely identify store assignment for repository candidate interface com.e_commerce.glasses_store.modules.cart.repository.CartItemRepository; If you want this repository to be a Redis repository, consider annotating your entities with one of these annotations: org.springframework.data.redis.core.RedisHash (preferred), or consider extending one of the following types with your repository: org.springframework.data.keyvalue.repository.KeyValueRepository
2026-03-11T20:10:21.496+07:00  INFO 20540 --- [glasses-store] [           main] .RepositoryConfigurationExtensionSupport : Spring Data Redis - Could not safely identify store assignment for repository candidate interface com.e_commerce.glasses_store.modules.cart.repository.CartRepository; If you want this repository to be a Redis repository, consider annotating your entities with one of these annotations: org.springframework.data.redis.core.RedisHash (preferred), or consider extending one of the following types with your repository: org.springframework.data.keyvalue.repository.KeyValueRepository
2026-03-11T20:10:21.499+07:00  INFO 20540 --- [glasses-store] [           main] .RepositoryConfigurationExtensionSupport : Spring Data Redis - Could not safely identify store assignment for repository candidate interface com.e_commerce.glasses_store.modules.cart.repository.VoucherRepository; If you want this repository to be a Redis repository, consider annotating your entities with one of these annotations: org.springframework.data.redis.core.RedisHash (preferred), or consider extending one of the following types with your repository: org.springframework.data.keyvalue.repository.KeyValueRepository
2026-03-11T20:10:21.501+07:00  INFO 20540 --- [glasses-store] [           main] .RepositoryConfigurationExtensionSupport : Spring Data Redis - Could not safely identify store assignment for repository candidate interface com.e_commerce.glasses_store.modules.order.repository.OrderItemRepository; If you want this repository to be a Redis repository, consider annotating your entities with one of these annotations: org.springframework.data.redis.core.RedisHash (preferred), or consider extending one of the following types with your repository: org.springframework.data.keyvalue.repository.KeyValueRepository
2026-03-11T20:10:21.504+07:00  INFO 20540 --- [glasses-store] [           main] .RepositoryConfigurationExtensionSupport : Spring Data Redis - Could not safely identify store assignment for repository candidate interface com.e_commerce.glasses_store.modules.order.repository.OrderRepository; If you want this repository to be a Redis repository, consider annotating your entities with one of these annotations: org.springframework.data.redis.core.RedisHash (preferred), or consider extending one of the following types with your repository: org.springframework.data.keyvalue.repository.KeyValueRepository
2026-03-11T20:10:21.509+07:00  INFO 20540 --- [glasses-store] [           main] .RepositoryConfigurationExtensionSupport : Spring Data Redis - Could not safely identify store assignment for repository candidate interface com.e_commerce.glasses_store.modules.order.repository.OrderStatusHistoryRepository; If you want this repository to be a Redis repository, consider annotating your entities with one of these annotations: org.springframework.data.redis.core.RedisHash (preferred), or consider extending one of the following types with your repository: org.springframework.data.keyvalue.repository.KeyValueRepository
2026-03-11T20:10:21.514+07:00  INFO 20540 --- [glasses-store] [           main] .RepositoryConfigurationExtensionSupport : Spring Data Redis - Could not safely identify store assignment for repository candidate interface com.e_commerce.glasses_store.modules.product.repository.BrandRepository; If you want this repository to be a Redis repository, consider annotating your entities with one of these annotations: org.springframework.data.redis.core.RedisHash (preferred), or consider extending one of the following types with your repository: org.springframework.data.keyvalue.repository.KeyValueRepository
2026-03-11T20:10:21.520+07:00  INFO 20540 --- [glasses-store] [           main] .RepositoryConfigurationExtensionSupport : Spring Data Redis - Could not safely identify store assignment for repository candidate interface com.e_commerce.glasses_store.modules.product.repository.CategoryRepository; If you want this repository to be a Redis repository, consider annotating your entities with one of these annotations: org.springframework.data.redis.core.RedisHash (preferred), or consider extending one of the following types with your repository: org.springframework.data.keyvalue.repository.KeyValueRepository
2026-03-11T20:10:21.526+07:00  INFO 20540 --- [glasses-store] [           main] .RepositoryConfigurationExtensionSupport : Spring Data Redis - Could not safely identify store assignment for repository candidate interface com.e_commerce.glasses_store.modules.product.repository.InventoryStockRepository; If you want this repository to be a Redis repository, consider annotating your entities with one of these annotations: org.springframework.data.redis.core.RedisHash (preferred), or consider extending one of the following types with your repository: org.springframework.data.keyvalue.repository.KeyValueRepository
2026-03-11T20:10:21.529+07:00  INFO 20540 --- [glasses-store] [           main] .RepositoryConfigurationExtensionSupport : Spring Data Redis - Could not safely identify store assignment for repository candidate interface com.e_commerce.glasses_store.modules.product.repository.ProductRepository; If you want this repository to be a Redis repository, consider annotating your entities with one of these annotations: org.springframework.data.redis.core.RedisHash (preferred), or consider extending one of the following types with your repository: org.springframework.data.keyvalue.repository.KeyValueRepository
2026-03-11T20:10:21.532+07:00  INFO 20540 --- [glasses-store] [           main] .RepositoryConfigurationExtensionSupport : Spring Data Redis - Could not safely identify store assignment for repository candidate interface com.e_commerce.glasses_store.modules.product.repository.ProductVariantRepository; If you want this repository to be a Redis repository, consider annotating your entities with one of these annotations: org.springframework.data.redis.core.RedisHash (preferred), or consider extending one of the following types with your repository: org.springframework.data.keyvalue.repository.KeyValueRepository
2026-03-11T20:10:21.533+07:00  INFO 20540 --- [glasses-store] [           main] .s.d.r.c.RepositoryConfigurationDelegate : Finished Spring Data repository scanning in 83 ms. Found 0 Redis repository interfaces.
2026-03-11T20:10:23.281+07:00  INFO 20540 --- [glasses-store] [cTaskExecutor-1] com.tngtech.archunit.core.PluginLoader   : Detected Java version 22.0.1
2026-03-11T20:10:30.741+07:00  INFO 20540 --- [glasses-store] [           main] o.s.boot.tomcat.TomcatWebServer          : Tomcat initialized with port 8080 (http)
2026-03-11T20:10:30.785+07:00  INFO 20540 --- [glasses-store] [           main] o.apache.catalina.core.StandardService   : Starting service [Tomcat]
2026-03-11T20:10:30.787+07:00  INFO 20540 --- [glasses-store] [           main] o.apache.catalina.core.StandardEngine    : Starting Servlet engine: [Apache Tomcat/11.0.15]
2026-03-11T20:10:30.878+07:00  INFO 20540 --- [glasses-store] [           main] b.w.c.s.WebApplicationContextInitializer : Root WebApplicationContext: initialization completed in 14788 ms
2026-03-11T20:10:32.624+07:00  INFO 20540 --- [glasses-store] [           main] com.zaxxer.hikari.HikariDataSource       : HikariPool-1 - Starting...
2026-03-11T20:10:33.397+07:00  INFO 20540 --- [glasses-store] [           main] com.zaxxer.hikari.pool.HikariPool        : HikariPool-1 - Added connection com.mysql.cj.jdbc.ConnectionImpl@3f87780b
2026-03-11T20:10:33.401+07:00  INFO 20540 --- [glasses-store] [           main] com.zaxxer.hikari.HikariDataSource       : HikariPool-1 - Start completed.
2026-03-11T20:10:33.531+07:00  INFO 20540 --- [glasses-store] [           main] o.f.c.i.resource.ResourceNameValidator   : 1 SQL migrations were detected but not run because they did not follow the filename convention.
2026-03-11T20:10:33.532+07:00  INFO 20540 --- [glasses-store] [           main] o.f.c.i.resource.ResourceNameValidator   : Set 'validateMigrationNaming' to true to fail fast and see a list of the invalid file names.
2026-03-11T20:10:33.621+07:00  INFO 20540 --- [glasses-store] [           main] org.flywaydb.core.FlywayExecutor         : Database: jdbc:mysql://localhost:3307/glasses_store?createDatabaseIfNotExist=true&useSSL=false&allowPublicKeyRetrieval=true (MySQL 8.4)
2026-03-11T20:10:33.703+07:00  WARN 20540 --- [glasses-store] [           main] o.f.c.internal.database.base.Database    : Using MySQL 8.4 which is newer than the version Flyway has been verified with. The latest verified version of MySQL is 8.1.
2026-03-11T20:10:34.109+07:00  INFO 20540 --- [glasses-store] [           main] o.f.core.internal.command.DbValidate     : Successfully validated 8 migrations (execution time 00:00.308s)
2026-03-11T20:10:34.185+07:00  INFO 20540 --- [glasses-store] [           main] o.f.core.internal.command.DbMigrate      : Current version of schema `glasses_store`: 8
2026-03-11T20:10:34.200+07:00  INFO 20540 --- [glasses-store] [           main] o.f.core.internal.command.DbMigrate      : Schema `glasses_store` is up to date. No migration necessary.
2026-03-11T20:10:34.671+07:00  INFO 20540 --- [glasses-store] [           main] org.hibernate.orm.jpa                    : HHH008540: Processing PersistenceUnitInfo [name: default]
2026-03-11T20:10:34.825+07:00  INFO 20540 --- [glasses-store] [           main] org.hibernate.orm.core                   : HHH000001: Hibernate ORM core version 7.2.1.Final
2026-03-11T20:10:37.094+07:00  INFO 20540 --- [glasses-store] [           main] o.s.o.j.p.SpringPersistenceUnitInfo      : No LoadTimeWeaver setup: ignoring JPA class transformer
2026-03-11T20:10:37.652+07:00  WARN 20540 --- [glasses-store] [           main] org.hibernate.orm.deprecation            : HHH90000025: MySQLDialect does not need to be specified explicitly using 'hibernate.dialect' (remove the property setting and it will be selected by default)
2026-03-11T20:10:37.757+07:00  INFO 20540 --- [glasses-store] [           main] org.hibernate.orm.connections.pooling    : HHH10001005: Database info:
	Database JDBC URL [jdbc:mysql://localhost:3307/glasses_store?createDatabaseIfNotExist=true&useSSL=false&allowPublicKeyRetrieval=true]
	Database driver: MySQL Connector/J
	Database dialect: MySQLDialect
	Database version: 8.4.8
	Default catalog/schema: glasses_store/undefined
	Autocommit mode: undefined/unknown
	Isolation level: REPEATABLE_READ [default REPEATABLE_READ]
	JDBC fetch size: none
	Pool: DataSourceConnectionProvider
	Minimum pool size: undefined/unknown
	Maximum pool size: undefined/unknown
